<?xml version="1.0" encoding="UTF-8"?>
<testng-results skipped="0" failed="0" ignored="0" total="2" passed="2">
  <reporter-output>
  </reporter-output>
  <suite name="Default suite" duration-ms="51" started-at="2019-07-11T15:57:21Z" finished-at="2019-07-11T15:57:21Z">
    <groups>
    </groups>
    <test name="Default test" duration-ms="51" started-at="2019-07-11T15:57:21Z" finished-at="2019-07-11T15:57:21Z">
      <class name="mytests.TestNgStart">
        <test-method status="PASS" signature="openBrowser()[pri:0, instance:mytests.TestNgStart@1e88b3c]" name="openBrowser" is-config="true" duration-ms="15" started-at="2019-07-11T15:57:21Z" finished-at="2019-07-11T15:57:21Z">
          <reporter-output>
          </reporter-output>
        </test-method> <!-- openBrowser -->
        <test-method status="PASS" signature="launchUrl()[pri:0, instance:mytests.TestNgStart@1e88b3c]" name="launchUrl" is-config="true" duration-ms="1" started-at="2019-07-11T15:57:21Z" finished-at="2019-07-11T15:57:21Z">
          <reporter-output>
          </reporter-output>
        </test-method> <!-- launchUrl -->
        <test-method status="PASS" signature="loginToApp()[pri:0, instance:mytests.TestNgStart@1e88b3c]" name="loginToApp" is-config="true" duration-ms="0" started-at="2019-07-11T15:57:21Z" finished-at="2019-07-11T15:57:21Z">
          <reporter-output>
          </reporter-output>
        </test-method> <!-- loginToApp -->
        <test-method status="PASS" signature="loginTest()[pri:0, instance:mytests.TestNgStart@1e88b3c]" name="loginTest" is-config="true" duration-ms="0" started-at="2019-07-11T15:57:21Z" finished-at="2019-07-11T15:57:21Z">
          <reporter-output>
          </reporter-output>
        </test-method> <!-- loginTest -->
        <test-method status="PASS" signature="loginTestFirst()[pri:0, instance:mytests.TestNgStart@1e88b3c]" name="loginTestFirst" duration-ms="6" started-at="2019-07-11T15:57:21Z" finished-at="2019-07-11T15:57:21Z">
          <reporter-output>
          </reporter-output>
        </test-method> <!-- loginTestFirst -->
        <test-method status="PASS" signature="logout()[pri:0, instance:mytests.TestNgStart@1e88b3c]" name="logout" is-config="true" duration-ms="1" started-at="2019-07-11T15:57:21Z" finished-at="2019-07-11T15:57:21Z">
          <reporter-output>
          </reporter-output>
        </test-method> <!-- logout -->
        <test-method status="PASS" signature="loginTest()[pri:0, instance:mytests.TestNgStart@1e88b3c]" name="loginTest" is-config="true" duration-ms="1" started-at="2019-07-11T15:57:21Z" finished-at="2019-07-11T15:57:21Z">
          <reporter-output>
          </reporter-output>
        </test-method> <!-- loginTest -->
        <test-method status="PASS" signature="secondTest()[pri:0, instance:mytests.TestNgStart@1e88b3c]" name="secondTest" duration-ms="1" started-at="2019-07-11T15:57:21Z" finished-at="2019-07-11T15:57:21Z">
          <reporter-output>
          </reporter-output>
        </test-method> <!-- secondTest -->
        <test-method status="PASS" signature="deleterUser()[pri:0, instance:mytests.TestNgStart@1e88b3c]" name="deleterUser" is-config="true" duration-ms="1" started-at="2019-07-11T15:57:21Z" finished-at="2019-07-11T15:57:21Z">
          <reporter-output>
          </reporter-output>
        </test-method> <!-- deleterUser -->
        <test-method status="PASS" signature="logout()[pri:0, instance:mytests.TestNgStart@1e88b3c]" name="logout" is-config="true" duration-ms="0" started-at="2019-07-11T15:57:21Z" finished-at="2019-07-11T15:57:21Z">
          <reporter-output>
          </reporter-output>
        </test-method> <!-- logout -->
        <test-method status="PASS" signature="disconnectDB()[pri:0, instance:mytests.TestNgStart@1e88b3c]" name="disconnectDB" is-config="true" duration-ms="0" started-at="2019-07-11T15:57:21Z" finished-at="2019-07-11T15:57:21Z">
          <reporter-output>
          </reporter-output>
        </test-method> <!-- disconnectDB -->
        <test-method status="PASS" signature="closeBrowser()[pri:0, instance:mytests.TestNgStart@1e88b3c]" name="closeBrowser" is-config="true" duration-ms="1" started-at="2019-07-11T15:57:21Z" finished-at="2019-07-11T15:57:21Z">
          <reporter-output>
          </reporter-output>
        </test-method> <!-- closeBrowser -->
      </class> <!-- mytests.TestNgStart -->
    </test> <!-- Default test -->
  </suite> <!-- Default suite -->
</testng-results>
